CRITICAL - 2020-07-21 09:43:07 --> Invalid argument supplied for foreach()
#0 E:\Projects\Autopartes\app\Views\Principal\Principal.php(18): CodeIgniter\Debug\Exceptions->errorHandler(2, 'Invalid argumen...', 'E:\\Projects\\Aut...', 18, Array)
#1 E:\Projects\Autopartes\system\View\View.php(246): include('E:\\Projects\\Aut...')
#2 E:\Projects\Autopartes\system\Common.php(1119): CodeIgniter\View\View->render('Principal/Princ...', Array, true)
#3 E:\Projects\Autopartes\app\Controllers\Principal.php(18): view('Principal/Princ...', Array)
#4 E:\Projects\Autopartes\system\CodeIgniter.php(918): App\Controllers\Principal->Principal()
#5 E:\Projects\Autopartes\system\CodeIgniter.php(404): CodeIgniter\CodeIgniter->runController(Object(App\Controllers\Principal))
#6 E:\Projects\Autopartes\system\CodeIgniter.php(312): CodeIgniter\CodeIgniter->handleRequest(NULL, Object(Config\Cache), false)
#7 E:\Projects\Autopartes\public\index.php(45): CodeIgniter\CodeIgniter->run()
#8 E:\Projects\Autopartes\system\Commands\Server\rewrite.php(34): require_once('E:\\Projects\\Aut...')
#9 {main}
CRITICAL - 2020-07-21 10:02:08 --> Argument 2 passed to view() must be of the type array, null given, called in E:\Projects\Autopartes\app\Controllers\Principal.php on line 18
#0 E:\Projects\Autopartes\app\Controllers\Principal.php(18): view('Principal/Princ...', NULL)
#1 E:\Projects\Autopartes\system\CodeIgniter.php(918): App\Controllers\Principal->Principal()
#2 E:\Projects\Autopartes\system\CodeIgniter.php(404): CodeIgniter\CodeIgniter->runController(Object(App\Controllers\Principal))
#3 E:\Projects\Autopartes\system\CodeIgniter.php(312): CodeIgniter\CodeIgniter->handleRequest(NULL, Object(Config\Cache), false)
#4 E:\Projects\Autopartes\public\index.php(45): CodeIgniter\CodeIgniter->run()
#5 E:\Projects\Autopartes\system\Commands\Server\rewrite.php(34): require_once('E:\\Projects\\Aut...')
#6 {main}
CRITICAL - 2020-07-21 10:03:27 --> Argument 2 passed to view() must be of the type array, null given, called in E:\Projects\Autopartes\app\Controllers\Principal.php on line 18
#0 E:\Projects\Autopartes\app\Controllers\Principal.php(18): view('Principal/Princ...', NULL)
#1 E:\Projects\Autopartes\system\CodeIgniter.php(918): App\Controllers\Principal->Principal()
#2 E:\Projects\Autopartes\system\CodeIgniter.php(404): CodeIgniter\CodeIgniter->runController(Object(App\Controllers\Principal))
#3 E:\Projects\Autopartes\system\CodeIgniter.php(312): CodeIgniter\CodeIgniter->handleRequest(NULL, Object(Config\Cache), false)
#4 E:\Projects\Autopartes\public\index.php(45): CodeIgniter\CodeIgniter->run()
#5 E:\Projects\Autopartes\system\Commands\Server\rewrite.php(34): require_once('E:\\Projects\\Aut...')
#6 {main}
CRITICAL - 2020-07-21 10:17:35 --> Invalid argument supplied for foreach()
#0 E:\Projects\Autopartes\app\Views\Principal\Principal.php(18): CodeIgniter\Debug\Exceptions->errorHandler(2, 'Invalid argumen...', 'E:\\Projects\\Aut...', 18, Array)
#1 E:\Projects\Autopartes\system\View\View.php(246): include('E:\\Projects\\Aut...')
#2 E:\Projects\Autopartes\system\Common.php(1119): CodeIgniter\View\View->render('Principal/Princ...', Array, true)
#3 E:\Projects\Autopartes\app\Controllers\Inicio.php(19): view('Principal/Princ...', Array)
#4 E:\Projects\Autopartes\system\CodeIgniter.php(918): App\Controllers\Inicio->Auto()
#5 E:\Projects\Autopartes\system\CodeIgniter.php(404): CodeIgniter\CodeIgniter->runController(Object(App\Controllers\Inicio))
#6 E:\Projects\Autopartes\system\CodeIgniter.php(312): CodeIgniter\CodeIgniter->handleRequest(NULL, Object(Config\Cache), false)
#7 E:\Projects\Autopartes\public\index.php(45): CodeIgniter\CodeIgniter->run()
#8 E:\Projects\Autopartes\system\Commands\Server\rewrite.php(34): require_once('E:\\Projects\\Aut...')
#9 {main}
CRITICAL - 2020-07-21 10:18:02 --> Invalid argument supplied for foreach()
#0 E:\Projects\Autopartes\app\Views\Principal\Principal.php(18): CodeIgniter\Debug\Exceptions->errorHandler(2, 'Invalid argumen...', 'E:\\Projects\\Aut...', 18, Array)
#1 E:\Projects\Autopartes\system\View\View.php(246): include('E:\\Projects\\Aut...')
#2 E:\Projects\Autopartes\system\Common.php(1119): CodeIgniter\View\View->render('Principal/Princ...', Array, true)
#3 E:\Projects\Autopartes\app\Controllers\Inicio.php(19): view('Principal/Princ...')
#4 E:\Projects\Autopartes\system\CodeIgniter.php(918): App\Controllers\Inicio->Auto()
#5 E:\Projects\Autopartes\system\CodeIgniter.php(404): CodeIgniter\CodeIgniter->runController(Object(App\Controllers\Inicio))
#6 E:\Projects\Autopartes\system\CodeIgniter.php(312): CodeIgniter\CodeIgniter->handleRequest(NULL, Object(Config\Cache), false)
#7 E:\Projects\Autopartes\public\index.php(45): CodeIgniter\CodeIgniter->run()
#8 E:\Projects\Autopartes\system\Commands\Server\rewrite.php(34): require_once('E:\\Projects\\Aut...')
#9 {main}
CRITICAL - 2020-07-21 10:18:13 --> Invalid argument supplied for foreach()
#0 E:\Projects\Autopartes\app\Views\Principal\Principal.php(18): CodeIgniter\Debug\Exceptions->errorHandler(2, 'Invalid argumen...', 'E:\\Projects\\Aut...', 18, Array)
#1 E:\Projects\Autopartes\system\View\View.php(246): include('E:\\Projects\\Aut...')
#2 E:\Projects\Autopartes\system\Common.php(1119): CodeIgniter\View\View->render('Principal/Princ...', Array, true)
#3 E:\Projects\Autopartes\app\Controllers\Inicio.php(16): view('Principal/Princ...')
#4 E:\Projects\Autopartes\system\CodeIgniter.php(918): App\Controllers\Inicio->Auto()
#5 E:\Projects\Autopartes\system\CodeIgniter.php(404): CodeIgniter\CodeIgniter->runController(Object(App\Controllers\Inicio))
#6 E:\Projects\Autopartes\system\CodeIgniter.php(312): CodeIgniter\CodeIgniter->handleRequest(NULL, Object(Config\Cache), false)
#7 E:\Projects\Autopartes\public\index.php(45): CodeIgniter\CodeIgniter->run()
#8 E:\Projects\Autopartes\system\Commands\Server\rewrite.php(34): require_once('E:\\Projects\\Aut...')
#9 {main}
CRITICAL - 2020-07-21 15:59:02 --> Invalid file: Inicio/Inicio.php
#0 E:\Projects\Autopartes\system\View\View.php(228): CodeIgniter\Exceptions\FrameworkException::forInvalidFile('Inicio/Inicio.p...')
#1 E:\Projects\Autopartes\system\Common.php(1119): CodeIgniter\View\View->render('Inicio/Inicio', Array, true)
#2 E:\Projects\Autopartes\app\Controllers\Principal.php(26): view('Inicio/Inicio')
#3 E:\Projects\Autopartes\system\CodeIgniter.php(918): App\Controllers\Principal->Principal()
#4 E:\Projects\Autopartes\system\CodeIgniter.php(404): CodeIgniter\CodeIgniter->runController(Object(App\Controllers\Principal))
#5 E:\Projects\Autopartes\system\CodeIgniter.php(312): CodeIgniter\CodeIgniter->handleRequest(NULL, Object(Config\Cache), false)
#6 E:\Projects\Autopartes\public\index.php(45): CodeIgniter\CodeIgniter->run()
#7 E:\Projects\Autopartes\system\Commands\Server\rewrite.php(34): require_once('E:\\Projects\\Aut...')
#8 {main}
CRITICAL - 2020-07-21 15:59:17 --> Invalid file: /Inicio/Inicio.php
#0 E:\Projects\Autopartes\system\View\View.php(228): CodeIgniter\Exceptions\FrameworkException::forInvalidFile('/Inicio/Inicio....')
#1 E:\Projects\Autopartes\system\Common.php(1119): CodeIgniter\View\View->render('/Inicio/Inicio', Array, true)
#2 E:\Projects\Autopartes\app\Controllers\Principal.php(26): view('/Inicio/Inicio')
#3 E:\Projects\Autopartes\system\CodeIgniter.php(918): App\Controllers\Principal->Principal()
#4 E:\Projects\Autopartes\system\CodeIgniter.php(404): CodeIgniter\CodeIgniter->runController(Object(App\Controllers\Principal))
#5 E:\Projects\Autopartes\system\CodeIgniter.php(312): CodeIgniter\CodeIgniter->handleRequest(NULL, Object(Config\Cache), false)
#6 E:\Projects\Autopartes\public\index.php(45): CodeIgniter\CodeIgniter->run()
#7 E:\Projects\Autopartes\system\Commands\Server\rewrite.php(34): require_once('E:\\Projects\\Aut...')
#8 {main}
CRITICAL - 2020-07-21 15:59:50 --> Invalid file: /.php
#0 E:\Projects\Autopartes\system\View\View.php(228): CodeIgniter\Exceptions\FrameworkException::forInvalidFile('/.php')
#1 E:\Projects\Autopartes\system\Common.php(1119): CodeIgniter\View\View->render('/', Array, true)
#2 E:\Projects\Autopartes\app\Controllers\Principal.php(26): view('/')
#3 E:\Projects\Autopartes\system\CodeIgniter.php(918): App\Controllers\Principal->Principal()
#4 E:\Projects\Autopartes\system\CodeIgniter.php(404): CodeIgniter\CodeIgniter->runController(Object(App\Controllers\Principal))
#5 E:\Projects\Autopartes\system\CodeIgniter.php(312): CodeIgniter\CodeIgniter->handleRequest(NULL, Object(Config\Cache), false)
#6 E:\Projects\Autopartes\public\index.php(45): CodeIgniter\CodeIgniter->run()
#7 E:\Projects\Autopartes\system\Commands\Server\rewrite.php(34): require_once('E:\\Projects\\Aut...')
#8 {main}
CRITICAL - 2020-07-21 15:59:54 --> Invalid file: /.php
#0 E:\Projects\Autopartes\system\View\View.php(228): CodeIgniter\Exceptions\FrameworkException::forInvalidFile('/.php')
#1 E:\Projects\Autopartes\system\Common.php(1119): CodeIgniter\View\View->render('/', Array, true)
#2 E:\Projects\Autopartes\app\Controllers\Principal.php(26): view('/')
#3 E:\Projects\Autopartes\system\CodeIgniter.php(918): App\Controllers\Principal->Principal()
#4 E:\Projects\Autopartes\system\CodeIgniter.php(404): CodeIgniter\CodeIgniter->runController(Object(App\Controllers\Principal))
#5 E:\Projects\Autopartes\system\CodeIgniter.php(312): CodeIgniter\CodeIgniter->handleRequest(NULL, Object(Config\Cache), false)
#6 E:\Projects\Autopartes\public\index.php(45): CodeIgniter\CodeIgniter->run()
#7 E:\Projects\Autopartes\system\Commands\Server\rewrite.php(34): require_once('E:\\Projects\\Aut...')
#8 {main}
CRITICAL - 2020-07-21 16:07:28 --> Call to undefined function App\Controllers\route()
#0 E:\Projects\Autopartes\system\CodeIgniter.php(918): App\Controllers\Inicio->Auto()
#1 E:\Projects\Autopartes\system\CodeIgniter.php(404): CodeIgniter\CodeIgniter->runController(Object(App\Controllers\Inicio))
#2 E:\Projects\Autopartes\system\CodeIgniter.php(312): CodeIgniter\CodeIgniter->handleRequest(NULL, Object(Config\Cache), false)
#3 E:\Projects\Autopartes\public\index.php(45): CodeIgniter\CodeIgniter->run()
#4 E:\Projects\Autopartes\system\Commands\Server\rewrite.php(34): require_once('E:\\Projects\\Aut...')
#5 {main}
CRITICAL - 2020-07-21 16:30:16 --> Call to a member function get() on null
#0 E:\Projects\Autopartes\system\CodeIgniter.php(918): App\Controllers\Inicio->Auto()
#1 E:\Projects\Autopartes\system\CodeIgniter.php(404): CodeIgniter\CodeIgniter->runController(Object(App\Controllers\Inicio))
#2 E:\Projects\Autopartes\system\CodeIgniter.php(312): CodeIgniter\CodeIgniter->handleRequest(NULL, Object(Config\Cache), false)
#3 E:\Projects\Autopartes\public\index.php(45): CodeIgniter\CodeIgniter->run()
#4 E:\Projects\Autopartes\system\Commands\Server\rewrite.php(34): require_once('E:\\Projects\\Aut...')
#5 {main}
CRITICAL - 2020-07-21 16:50:32 --> Use of undefined constant Principal - assumed 'Principal' (this will throw an Error in a future version of PHP)
#0 E:\Projects\Autopartes\app\Controllers\Principal.php(11): CodeIgniter\Debug\Exceptions->errorHandler(2, 'Use of undefine...', 'E:\\Projects\\Aut...', 11, Array)
#1 E:\Projects\Autopartes\system\CodeIgniter.php(918): App\Controllers\Principal->Auto()
#2 E:\Projects\Autopartes\system\CodeIgniter.php(404): CodeIgniter\CodeIgniter->runController(Object(App\Controllers\Principal))
#3 E:\Projects\Autopartes\system\CodeIgniter.php(312): CodeIgniter\CodeIgniter->handleRequest(NULL, Object(Config\Cache), false)
#4 E:\Projects\Autopartes\public\index.php(45): CodeIgniter\CodeIgniter->run()
#5 E:\Projects\Autopartes\system\Commands\Server\rewrite.php(34): require_once('E:\\Projects\\Aut...')
#6 {main}
CRITICAL - 2020-07-21 16:50:37 --> Use of undefined constant Principal - assumed 'Principal' (this will throw an Error in a future version of PHP)
#0 E:\Projects\Autopartes\app\Controllers\Principal.php(11): CodeIgniter\Debug\Exceptions->errorHandler(2, 'Use of undefine...', 'E:\\Projects\\Aut...', 11, Array)
#1 E:\Projects\Autopartes\system\CodeIgniter.php(918): App\Controllers\Principal->Auto()
#2 E:\Projects\Autopartes\system\CodeIgniter.php(404): CodeIgniter\CodeIgniter->runController(Object(App\Controllers\Principal))
#3 E:\Projects\Autopartes\system\CodeIgniter.php(312): CodeIgniter\CodeIgniter->handleRequest(NULL, Object(Config\Cache), false)
#4 E:\Projects\Autopartes\public\index.php(45): CodeIgniter\CodeIgniter->run()
#5 E:\Projects\Autopartes\system\Commands\Server\rewrite.php(34): require_once('E:\\Projects\\Aut...')
#6 {main}
CRITICAL - 2020-07-21 16:50:51 --> Call to undefined function App\Controllers\Principal()
#0 E:\Projects\Autopartes\system\CodeIgniter.php(918): App\Controllers\Principal->Auto()
#1 E:\Projects\Autopartes\system\CodeIgniter.php(404): CodeIgniter\CodeIgniter->runController(Object(App\Controllers\Principal))
#2 E:\Projects\Autopartes\system\CodeIgniter.php(312): CodeIgniter\CodeIgniter->handleRequest(NULL, Object(Config\Cache), false)
#3 E:\Projects\Autopartes\public\index.php(45): CodeIgniter\CodeIgniter->run()
#4 E:\Projects\Autopartes\system\Commands\Server\rewrite.php(34): require_once('E:\\Projects\\Aut...')
#5 {main}
CRITICAL - 2020-07-21 17:57:16 --> Too few arguments to function App\Controllers\Principal::Principal(), 0 passed in E:\Projects\Autopartes\system\CodeIgniter.php on line 918 and exactly 1 expected
#0 E:\Projects\Autopartes\system\CodeIgniter.php(918): App\Controllers\Principal->Principal()
#1 E:\Projects\Autopartes\system\CodeIgniter.php(404): CodeIgniter\CodeIgniter->runController(Object(App\Controllers\Principal))
#2 E:\Projects\Autopartes\system\CodeIgniter.php(312): CodeIgniter\CodeIgniter->handleRequest(NULL, Object(Config\Cache), false)
#3 E:\Projects\Autopartes\public\index.php(45): CodeIgniter\CodeIgniter->run()
#4 E:\Projects\Autopartes\system\Commands\Server\rewrite.php(34): require_once('E:\\Projects\\Aut...')
#5 {main}
